android/build/intermediates/manifest_merge_blame_file/debug/manifest-merger-blame-debug-report.txt
1<?xml version="1.0" encoding="utf-8"?>
2<manifest xmlns:android="http://schemas.android.com/apk/res/android"
3    package="me.danbe.android"
4    android:versionCode="1"
5    android:versionName="1.0" >
6
7    <uses-sdk
8        android:minSdkVersion="24"
8-->src\main\AndroidManifest.xml
9        android:targetSdkVersion="31" />
9-->src\main\AndroidManifest.xml
10
11    <uses-permission android:name="android.permission.INTERNET" />
11-->src\main\AndroidManifest.xml:4:5-66
11-->src\main\AndroidManifest.xml:4:22-64
12    <uses-permission android:name="android.permission.ACCESS_NETWORK_STATE" />
12-->[com.google.android.exoplayer:exoplayer-core:2.18.1] AndroidManifest.xml:24:5-79
12-->[com.google.android.exoplayer:exoplayer-core:2.18.1] AndroidManifest.xml:24:22-76
13
14    <application
14-->src\main\AndroidManifest.xml:6:5-16:19
15        android:allowBackup="false"
15-->src\main\AndroidManifest.xml:7:13-40
16        android:appComponentFactory="androidx.core.app.CoreComponentFactory"
16-->[androidx.core:core:1.8.0] AndroidManifest.xml:24:18-86
17        android:debuggable="true"
18        android:extractNativeLibs="false"
19        android:supportsRtl="true"
19-->src\main\AndroidManifest.xml:8:13-39
20        android:testOnly="true"
21        android:theme="@style/Theme.AppCompat.Light.NoActionBar" >
21-->src\main\AndroidManifest.xml:9:13-69
22        <activity
22-->src\main\AndroidManifest.xml:10:13-15:20
23            android:name="me.danbe.android.MainActivity"
23-->src\main\AndroidManifest.xml:10:23-51
24            android:exported="true" >
24-->src\main\AndroidManifest.xml:10:52-75
25            <intent-filter>
25-->src\main\AndroidManifest.xml:11:13-14:29
26                <action android:name="android.intent.action.MAIN" />
26-->src\main\AndroidManifest.xml:12:17-68
26-->src\main\AndroidManifest.xml:12:25-66
27
28                <category android:name="android.intent.category.LAUNCHER" />
28-->src\main\AndroidManifest.xml:13:17-76
28-->src\main\AndroidManifest.xml:13:27-74
29            </intent-filter>
30        </activity>
31
32        <provider
32-->[androidx.emoji2:emoji2:1.0.0] AndroidManifest.xml:26:9-34:20
33            android:name="androidx.startup.InitializationProvider"
33-->[androidx.emoji2:emoji2:1.0.0] AndroidManifest.xml:27:13-67
34            android:authorities="me.danbe.android.androidx-startup"
34-->[androidx.emoji2:emoji2:1.0.0] AndroidManifest.xml:28:13-68
35            android:exported="false" >
35-->[androidx.emoji2:emoji2:1.0.0] AndroidManifest.xml:29:13-37
36            <meta-data
36-->[androidx.emoji2:emoji2:1.0.0] AndroidManifest.xml:31:13-33:52
37                android:name="androidx.emoji2.text.EmojiCompatInitializer"
37-->[androidx.emoji2:emoji2:1.0.0] AndroidManifest.xml:32:17-75
38                android:value="androidx.startup" />
38-->[androidx.emoji2:emoji2:1.0.0] AndroidManifest.xml:33:17-49
39            <meta-data
39-->[androidx.lifecycle:lifecycle-process:2.4.0] AndroidManifest.xml:31:13-33:52
40                android:name="androidx.lifecycle.ProcessLifecycleInitializer"
40-->[androidx.lifecycle:lifecycle-process:2.4.0] AndroidManifest.xml:32:17-78
41                android:value="androidx.startup" />
41-->[androidx.lifecycle:lifecycle-process:2.4.0] AndroidManifest.xml:33:17-49
42            <meta-data
42-->[androidx.profileinstaller:profileinstaller:1.1.0] AndroidManifest.xml:31:13-33:52
43                android:name="androidx.profileinstaller.ProfileInstallerInitializer"
43-->[androidx.profileinstaller:profileinstaller:1.1.0] AndroidManifest.xml:32:17-85
44                android:value="androidx.startup" />
44-->[androidx.profileinstaller:profileinstaller:1.1.0] AndroidManifest.xml:33:17-49
45        </provider>
46
47        <receiver
47-->[androidx.profileinstaller:profileinstaller:1.1.0] AndroidManifest.xml:36:9-45:20
48            android:name="androidx.profileinstaller.ProfileInstallReceiver"
48-->[androidx.profileinstaller:profileinstaller:1.1.0] AndroidManifest.xml:37:13-76
49            android:directBootAware="false"
49-->[androidx.profileinstaller:profileinstaller:1.1.0] AndroidManifest.xml:38:13-44
50            android:enabled="true"
50-->[androidx.profileinstaller:profileinstaller:1.1.0] AndroidManifest.xml:39:13-35
51            android:exported="true"
51-->[androidx.profileinstaller:profileinstaller:1.1.0] AndroidManifest.xml:40:13-36
52            android:permission="android.permission.DUMP" >
52-->[androidx.profileinstaller:profileinstaller:1.1.0] AndroidManifest.xml:41:13-57
53            <intent-filter>
53-->[androidx.profileinstaller:profileinstaller:1.1.0] AndroidManifest.xml:42:13-44:29
54                <action android:name="androidx.profileinstaller.action.INSTALL_PROFILE" />
54-->[androidx.profileinstaller:profileinstaller:1.1.0] AndroidManifest.xml:43:17-91
54-->[androidx.profileinstaller:profileinstaller:1.1.0] AndroidManifest.xml:43:25-88
55            </intent-filter>
56        </receiver>
57    </application>
58
59</manifest>